<?xml version="1.0" encoding="UTF-8"?>
<!-- Generated by org.testng.reporters.JUnitXMLReporter -->
<testsuite hostname="admin-PC" name="silaye" tests="12" failures="11" timestamp="7 Feb 2018 09:01:56 GMT" time="43.559" errors="0">
  <testcase name="login" time="22.947" classname="silayetest.Silaye"/>
  <testcase name="addnewstyle2" time="0.0" classname="silayetest.Basic_subscription">
    <failure type="java.lang.NullPointerException">
      <![CDATA[java.lang.NullPointerException
	at com.google.common.base.Preconditions.checkNotNull(Preconditions.java:212)
	at org.openqa.selenium.support.ui.FluentWait.<init>(FluentWait.java:102)
	at org.openqa.selenium.support.ui.WebDriverWait.<init>(WebDriverWait.java:71)
	at org.openqa.selenium.support.ui.WebDriverWait.<init>(WebDriverWait.java:45)
	at silayetest.Basic_subscription.process1(Basic_subscription.java:60)
	at silayetest.Basic_subscription.subscription_1(Basic_subscription.java:117)
	at silayetest.Basic_subscription.addnewstyle2(Basic_subscription.java:162)
... Removed 24 stack frames]]>
    </failure>
  </testcase> <!-- addnewstyle2 -->
  <testcase name="techpacks_1" time="0.016" classname="silayetest.Basic_subscription">
    <failure type="java.lang.NullPointerException">
      <![CDATA[java.lang.NullPointerException
	at silayetest.Basic_subscription.techpacks_1(Basic_subscription.java:303)
... Removed 24 stack frames]]>
    </failure>
  </testcase> <!-- techpacks_1 -->
  <testcase name="team_members" time="0.0" classname="silayetest.Basic_subscription">
    <failure type="java.lang.NullPointerException">
      <![CDATA[java.lang.NullPointerException
	at silayetest.Basic_subscription.team_members(Basic_subscription.java:173)
... Removed 24 stack frames]]>
    </failure>
  </testcase> <!-- team_members -->
  <testcase name="notification_request" time="0.0" classname="silayetest.Basic_subscription">
    <failure type="java.lang.NullPointerException">
      <![CDATA[java.lang.NullPointerException
	at silayetest.Basic_subscription.login_sourcing_user(Basic_subscription.java:519)
	at silayetest.Basic_subscription.notification_request(Basic_subscription.java:469)
... Removed 24 stack frames]]>
    </failure>
  </testcase> <!-- notification_request -->
  <testcase name="assignstyle" time="7.022" classname="silayetest.Basic_subscription">
    <failure type="java.lang.NullPointerException">
      <![CDATA[java.lang.NullPointerException
	at silayetest.Basic_subscription.assignstyle(Basic_subscription.java:487)
... Removed 24 stack frames]]>
    </failure>
  </testcase> <!-- assignstyle -->
  <testcase name="logout" time="0.0" classname="silayetest.Basic_subscription">
    <failure type="java.lang.NullPointerException">
      <![CDATA[java.lang.NullPointerException
	at silayetest.Basic_subscription.logout(Basic_subscription.java:503)
... Removed 24 stack frames]]>
    </failure>
  </testcase> <!-- logout -->
  <testcase name="login_sourcing_user" time="0.0" classname="silayetest.Basic_subscription">
    <failure type="java.lang.NullPointerException">
      <![CDATA[java.lang.NullPointerException
	at silayetest.Basic_subscription.login_sourcing_user(Basic_subscription.java:519)
... Removed 24 stack frames]]>
    </failure>
  </testcase> <!-- login_sourcing_user -->
  <testcase name="accepting_request" time="0.015" classname="silayetest.Basic_subscription">
    <failure type="java.lang.NullPointerException">
      <![CDATA[java.lang.NullPointerException
	at com.google.common.base.Preconditions.checkNotNull(Preconditions.java:212)
	at org.openqa.selenium.support.ui.FluentWait.<init>(FluentWait.java:102)
	at org.openqa.selenium.support.ui.WebDriverWait.<init>(WebDriverWait.java:71)
	at org.openqa.selenium.support.ui.WebDriverWait.<init>(WebDriverWait.java:45)
	at silayetest.Basic_subscription.accepting_request(Basic_subscription.java:539)
... Removed 24 stack frames]]>
    </failure>
  </testcase> <!-- accepting_request -->
  <testcase name="sourcing_logout" time="4.014" classname="silayetest.Basic_subscription">
    <failure type="java.lang.NullPointerException">
      <![CDATA[java.lang.NullPointerException
	at silayetest.Basic_subscription.sourcing_logout(Basic_subscription.java:555)
... Removed 24 stack frames]]>
    </failure>
  </testcase> <!-- sourcing_logout -->
  <testcase name="pay" time="0.0" classname="silayetest.Basic_subscription">
    <failure type="java.lang.NullPointerException">
      <![CDATA[java.lang.NullPointerException
	at silayetest.Basic_subscription.login(Basic_subscription.java:34)
	at silayetest.Basic_subscription.pay(Basic_subscription.java:579)
... Removed 24 stack frames]]>
    </failure>
  </testcase> <!-- pay -->
  <testcase name="payment_status" time="5.01" classname="silayetest.Basic_subscription">
    <failure type="java.lang.NullPointerException">
      <![CDATA[java.lang.NullPointerException
	at silayetest.Basic_subscription.payment_status(Basic_subscription.java:650)
... Removed 24 stack frames]]>
    </failure>
  </testcase> <!-- payment_status -->
</testsuite> <!-- silaye -->
