<?xml version="1.0" encoding="UTF-8"?>
<!-- Generated by org.testng.reporters.JUnitXMLReporter -->
<testsuite hostname="admin-PC" name="Basic Subscriptions" tests="10" failures="10" timestamp="5 Feb 2018 13:17:00 GMT" time="16.043" errors="0">
  <testcase name="addnewstyle2" time="0.004" classname="silayetest.Silaye">
    <failure type="java.lang.NullPointerException">
      <![CDATA[java.lang.NullPointerException
	at silayetest.Silaye.process1(Silaye.java:203)
	at silayetest.Silaye.subscription_1(Silaye.java:261)
	at silayetest.Silaye.addnewstyle2(Silaye.java:363)
... Removed 24 stack frames]]>
    </failure>
  </testcase> <!-- addnewstyle2 -->
  <testcase name="techpacks_1" time="0.001" classname="silayetest.Silaye">
    <failure type="java.lang.NullPointerException">
      <![CDATA[java.lang.NullPointerException
	at silayetest.Silaye.techpacks_1(Silaye.java:644)
... Removed 24 stack frames]]>
    </failure>
  </testcase> <!-- techpacks_1 -->
  <testcase name="team_members" time="0.001" classname="silayetest.Silaye">
    <failure type="java.lang.NullPointerException">
      <![CDATA[java.lang.NullPointerException
	at silayetest.Silaye.team_members(Silaye.java:415)
... Removed 24 stack frames]]>
    </failure>
  </testcase> <!-- team_members -->
  <testcase name="assignstyle" time="7.005" classname="silayetest.Silaye">
    <failure type="java.lang.NullPointerException">
      <![CDATA[java.lang.NullPointerException
	at silayetest.Silaye.assignstyle(Silaye.java:818)
... Removed 24 stack frames]]>
    </failure>
  </testcase> <!-- assignstyle -->
  <testcase name="logout" time="0.002" classname="silayetest.Silaye">
    <failure type="java.lang.NullPointerException">
      <![CDATA[java.lang.NullPointerException
	at silayetest.Silaye.logout(Silaye.java:834)
... Removed 24 stack frames]]>
    </failure>
  </testcase> <!-- logout -->
  <testcase name="login_sourcing_user" time="0.001" classname="silayetest.Silaye">
    <failure type="java.lang.NullPointerException">
      <![CDATA[java.lang.NullPointerException
	at silayetest.Silaye.login_sourcing_user(Silaye.java:850)
... Removed 24 stack frames]]>
    </failure>
  </testcase> <!-- login_sourcing_user -->
  <testcase name="accepting_request" time="0.002" classname="silayetest.Silaye">
    <failure type="java.lang.NullPointerException">
      <![CDATA[java.lang.NullPointerException
	at com.google.common.base.Preconditions.checkNotNull(Preconditions.java:212)
	at org.openqa.selenium.support.ui.FluentWait.<init>(FluentWait.java:102)
	at org.openqa.selenium.support.ui.WebDriverWait.<init>(WebDriverWait.java:71)
	at org.openqa.selenium.support.ui.WebDriverWait.<init>(WebDriverWait.java:45)
	at silayetest.Silaye.accepting_request(Silaye.java:870)
... Removed 24 stack frames]]>
    </failure>
  </testcase> <!-- accepting_request -->
  <testcase name="sourcing_logout" time="4.001" classname="silayetest.Silaye">
    <failure type="java.lang.NullPointerException">
      <![CDATA[java.lang.NullPointerException
	at silayetest.Silaye.sourcing_logout(Silaye.java:886)
... Removed 24 stack frames]]>
    </failure>
  </testcase> <!-- sourcing_logout -->
  <testcase name="pay" time="0.001" classname="silayetest.Silaye">
    <failure type="java.lang.NullPointerException">
      <![CDATA[java.lang.NullPointerException
	at silayetest.Silaye.login(Silaye.java:70)
	at silayetest.Silaye.pay(Silaye.java:910)
... Removed 24 stack frames]]>
    </failure>
  </testcase> <!-- pay -->
  <testcase name="payment_status" time="5.002" classname="silayetest.Silaye">
    <failure type="java.lang.NullPointerException">
      <![CDATA[java.lang.NullPointerException
	at silayetest.Silaye.payment_status(Silaye.java:981)
... Removed 24 stack frames]]>
    </failure>
  </testcase> <!-- payment_status -->
</testsuite> <!-- Basic Subscriptions -->
