<?xml version="1.0" encoding="UTF-8"?>
<!-- Generated by org.testng.reporters.JUnitXMLReporter -->
<testsuite hostname="admin-PC" name="Test case 1" tests="2" failures="1" timestamp="30 Jan 2018 10:36:57 GMT" time="3372.401" errors="0">
  <testcase name="login" time="22.156" classname="silayetest.Silaye"/>
  <testcase name="techpacks" time="3344.555" classname="silayetest.Silaye">
    <failure type="org.sikuli.script.FindFailed" message="can not find P(F:\silaye images\ok_btn.PNG) S: 0.7 on the screen.">
      <![CDATA[FindFailed: can not find P(F:\silaye images\ok_btn.PNG) S: 0.7 on the screen.
  Line 1574, in file Region.java

	at org.sikuli.script.Region.handleFindFailed(Region.java:1574)
	at org.sikuli.script.Region.wait(Region.java:1682)
	at org.sikuli.script.Region.find(Region.java:1590)
	at org.sikuli.script.Region.getLocationFromTarget(Region.java:1991)
	at org.sikuli.script.Region.click(Region.java:2197)
	at org.sikuli.script.Region.click(Region.java:2181)
	at silayetest.Silaye.techpacks(Silaye.java:559)
... Removed 24 stack frames]]>
    </failure>
  </testcase> <!-- techpacks -->
</testsuite> <!-- Test case 1 -->
